MgIIBlueDeep_2.1881m31.6203
MgIIBlueDeep_2.1881m31.6203
MgIIBlueDeep_0.6392m34.322
MgIIBlueDeep_0.6392m34.322
MgIIBlueDeep_0.4113m30.753
MgIIBlueDeep_0.4113m30.753
MgIIBlueDeep_9.3931m33.3009
MgIIBlueDeep_9.3931m33.3009
MgIIBlueDeep_9.7274m30.6112
MgIIBlueDeep_9.7274m30.6112
MgIIBlueDeep_11.3851m28.8295
MgIIBlueDeep_11.3851m28.8295
MgIIBlueDeep_14.1617m34.642
MgIIBlueDeep_14.1617m34.642
MgIIBlueDeep_12.9557m30.0264
MgIIBlueDeep_12.9557m30.0264
MgIIBlueDeep_19.0919m32.6161
MgIIBlueDeep_19.0919m32.6161
MgIIBlueDeep_17.6879m34.3777
MgIIBlueDeep_17.6879m34.3777
MgIIBlueDeep_23.6892m29.9334
MgIIBlueDeep_23.6892m29.9334
MgIIBlueDeep_27.5453m29.3713
MgIIBlueDeep_27.5453m29.3713
MgIIBlueDeep_29.12m31.6655
MgIIBlueDeep_29.12m31.6655
MgIIBlueDeep_31.0015m28.354
MgIIBlueDeep_31.0015m28.354
MgIIBlueDeep_30.2383m33.2128
MgIIBlueDeep_30.2383m33.2128
MgIIBlueDeep_31.2332m35.4368
MgIIBlueDeep_31.2332m35.4368
MgIIBlueDeep_41.3882m34.378
MgIIBlueDeep_41.3882m34.378
MgIIBlueDeep_47.0331m27.9204
MgIIBlueDeep_47.0331m27.9204
MgIIBlueDeep_158.6323p3.382
MgIIBlueDeep_158.6323p3.382
MgIIBlueDeep_159.9803p0.1158
MgIIBlueDeep_159.9803p0.1158
MgIIBlueDeep_161.7642m0.5795
MgIIBlueDeep_161.7642m0.5795
MgIIBlueDeep_167.2639m0.232
MgIIBlueDeep_167.2639m0.232
MgIIBlueDeep_167.0568m3.4943
MgIIBlueDeep_167.0568m3.4943
MgIIBlueDeep_165.7547p0.982
MgIIBlueDeep_165.7547p0.982
MgIIBlueDeep_165.0719p1.9013
MgIIBlueDeep_165.0719p1.9013
MgIIBlueDeep_167.0697p2.3832
MgIIBlueDeep_167.0697p2.3832
MgIIBlueDeep_171.3489m2.8931
MgIIBlueDeep_171.3489m2.8931
MgIIBlueDeep_173.4415m2.2436
MgIIBlueDeep_173.4415m2.2436
MgIIBlueDeep_171.9591p1.4179
MgIIBlueDeep_171.9591p1.4179
MgIIBlueDeep_170.8977p3.045
MgIIBlueDeep_170.8977p3.045
MgIIBlueDeep_170.8195p0.9632
MgIIBlueDeep_170.8195p0.9632
MgIIBlueDeep_178.991m1.241
MgIIBlueDeep_178.991m1.241
MgIIBlueDeep_178.7829m2.9851
MgIIBlueDeep_178.7829m2.9851
MgIIBlueDeep_176.0638p0.1482
MgIIBlueDeep_176.0638p0.1482
MgIIBlueDeep_178.8963p0.6891
MgIIBlueDeep_178.8963p0.6891
MgIIBlueDeep_183.883m3.3351
MgIIBlueDeep_183.883m3.3351
MgIIBlueDeep_183.9339p0.0859
MgIIBlueDeep_183.9339p0.0859
MgIIBlueDeep_184.6463p3.6793
MgIIBlueDeep_184.6463p3.6793
MgIIBlueDeep_188.7144m2.8698
MgIIBlueDeep_188.7144m2.8698
MgIIBlueDeep_194.1137m0.6638
MgIIBlueDeep_194.1137m0.6638
MgIIBlueDeep_190.8283p1.2082
MgIIBlueDeep_190.8283p1.2082
MgIIBlueDeep_193.7349p0.2056
MgIIBlueDeep_193.7349p0.2056
MgIIBlueDeep_199.287m2.9229
MgIIBlueDeep_199.287m2.9229
MgIIBlueDeep_199.5416m1.284
MgIIBlueDeep_199.5416m1.284
MgIIBlueDeep_195.7605m2.4578
MgIIBlueDeep_195.7605m2.4578
MgIIBlueDeep_196.961m1.8429
MgIIBlueDeep_196.961m1.8429
MgIIBlueDeep_197.2014p2.889
MgIIBlueDeep_197.2014p2.889
MgIIBlueDeep_204.9868p0.3989
MgIIBlueDeep_204.9868p0.3989
MgIIBlueDeep_200.7813p2.7253
MgIIBlueDeep_200.7813p2.7253
MgIIBlueDeep_207.7804m2.7088
MgIIBlueDeep_207.7804m2.7088
MgIIBlueDeep_207.618p0.8969
MgIIBlueDeep_207.618p0.8969
MgIIBlueDeep_211.7215m3.2519
MgIIBlueDeep_211.7215m3.2519
MgIIBlueDeep_211.2437p0.3506
MgIIBlueDeep_211.2437p0.3506
MgIIBlueDeep_221.3967p2.4768
MgIIBlueDeep_221.3967p2.4768
MgIIBlueDeep_335.2691m33.321
MgIIBlueDeep_335.2691m33.321
MgIIBlueDeep_349.2272m30.6762
MgIIBlueDeep_349.2272m30.6762
MgIIBlueDeep_353.8018m32.0781
MgIIBlueDeep_353.8018m32.0781
MgIIBlueDeep_351.6787m32.0706
MgIIBlueDeep_351.6787m32.0706
MgIIBlueDeep_2.7977m29.8233
MgIIBlueDeep_2.7977m29.8233
MgIIBlueDeep_358.8158m31.0253
MgIIBlueDeep_358.8158m31.0253
MgIIBlueDeep_348.9036m28.6165
MgIIBlueDeep_348.9036m28.6165
MgIIBlueDeep_219.9558p1.6737
MgIIBlueDeep_219.9558p1.6737
MgIIBlueDeep_171.3485m1.0984
MgIIBlueDeep_171.3485m1.0984
MgIIBlueDeep_34.2626m30.9785
MgIIBlueDeep_34.2626m30.9785
MgIIBlueDeep_8.1902m43.8858
MgIIBlueDeep_8.1902m43.8858
MgIIBlueDeep_48.8834m31.2916
MgIIBlueDeep_48.8834m31.2916
MgIIBlueDeep_48.5044m29.883
MgIIBlueDeep_48.5044m29.883
MgIIBlueDeep_39.7031m27.8308
MgIIBlueDeep_39.7031m27.8308
MgIIBlueDeep_332.1762m33.6323
MgIIBlueDeep_332.1762m33.6323
MgIIBlueWide_5.1416m68.8209
MgIIBlueWide_5.1416m68.8209
MgIIBlueWide_5.1274m79.524
MgIIBlueWide_5.1274m79.524
MgIIBlueWide_14.051m77.0355
MgIIBlueWide_14.051m77.0355
MgIIBlueWide_25.0757m62.8931
MgIIBlueWide_25.0757m62.8931
MgIIBlueWide_53.7586m61.6778
MgIIBlueWide_53.7586m61.6778
MgIIBlueWide_64.3461m64.9922
MgIIBlueWide_64.3461m64.9922
MgIIBlueWide_78.2132m56.5503
MgIIBlueWide_78.2132m56.5503
MgIIBlueWide_100.1689m71.8925
MgIIBlueWide_100.1689m71.8925
MgIIBlueWide_102.2458m75.4764
MgIIBlueWide_102.2458m75.4764
MgIIBlueWide_114.3264m70.718
MgIIBlueWide_114.3264m70.718
MgIIBlueWide_122.876m73.0003
MgIIBlueWide_122.876m73.0003
MgIIBlueWide_344.4504m78.0536
MgIIBlueWide_344.4504m78.0536
MgIIBlueWide_347.3856m65.4552
MgIIBlueWide_347.3856m65.4552
MgIIBlueWide_69.5393m65.1245
MgIIBlueWide_69.5393m65.1245
MgIIBlueWide_94.9304m57.8937
MgIIBlueWide_94.9304m57.8937
MgIIBlueWide_12.6375m2.923
MgIIBlueWide_12.6375m2.923
MgIIBlueWide_14.0849m39.1668
MgIIBlueWide_14.0849m39.1668
MgIIBlueWide_17.5618m59.0727
MgIIBlueWide_17.5618m59.0727
MgIIBlueWide_15.2956p4.3304
MgIIBlueWide_15.2956p4.3304
MgIIBlueWide_22.0635p2.019
MgIIBlueWide_22.0635p2.019
MgIIBlueWide_25.5912m57.5817
MgIIBlueWide_25.5912m57.5817
MgIIBlueWide_34.6942m51.9758
MgIIBlueWide_34.6942m51.9758
MgIIBlueWide_36.9602m2.7473
MgIIBlueWide_36.9602m2.7473
MgIIBlueWide_35.1488m13.9928
MgIIBlueWide_35.1488m13.9928
MgIIBlueWide_42.1223m41.4693
MgIIBlueWide_42.1223m41.4693
MgIIBlueWide_52.7369m46.2668
MgIIBlueWide_52.7369m46.2668
MgIIBlueWide_55.5931m44.0184
MgIIBlueWide_55.5931m44.0184
MgIIBlueWide_55.5934m44.4149
MgIIBlueWide_55.5934m44.4149
MgIIBlueWide_58.2157m54.3736
MgIIBlueWide_58.2157m54.3736
MgIIBlueWide_57.8581m55.9927
MgIIBlueWide_57.8581m55.9927
MgIIBlueWide_60.6207m31.148
MgIIBlueWide_60.6207m31.148
MgIIBlueWide_67.2349m13.0386
MgIIBlueWide_67.2349m13.0386
MgIIBlueWide_74.0654m26.9615
MgIIBlueWide_74.0654m26.9615
MgIIBlueWide_161.5023m6.4444
MgIIBlueWide_161.5023m6.4444
MgIIBlueWide_169.869m10.8357
MgIIBlueWide_169.869m10.8357
MgIIBlueWide_167.8544m31.3144
MgIIBlueWide_167.8544m31.3144
MgIIBlueWide_176.1199m26.6531
MgIIBlueWide_176.1199m26.6531
MgIIBlueWide_191.6711m6.9919
MgIIBlueWide_191.6711m6.9919
MgIIBlueWide_190.9875m41.1488
MgIIBlueWide_190.9875m41.1488
MgIIBlueWide_199.4973m21.5845
MgIIBlueWide_199.4973m21.5845
MgIIBlueWide_203.7047m16.6886
MgIIBlueWide_203.7047m16.6886
MgIIBlueWide_202.9408p4.783
MgIIBlueWide_202.9408p4.783
MgIIBlueWide_207.5894m22.4439
MgIIBlueWide_207.5894m22.4439
MgIIBlueWide_216.4693m7.1569
MgIIBlueWide_216.4693m7.1569
MgIIBlueWide_229.3387m26.6621
MgIIBlueWide_229.3387m26.6621
MgIIBlueWide_237.4475m7.5065
MgIIBlueWide_237.4475m7.5065
MgIIBlueWide_258.6898m77.3447
MgIIBlueWide_258.6898m77.3447
MgIIBlueWide_290.5544m40.4993
MgIIBlueWide_290.5544m40.4993
MgIIBlueWide_292.0432m49.2796
MgIIBlueWide_292.0432m49.2796
MgIIBlueWide_301.2354m64.4454
MgIIBlueWide_301.2354m64.4454
MgIIBlueWide_307.8786m36.3637
MgIIBlueWide_307.8786m36.3637
MgIIBlueWide_306.1051m45.7
MgIIBlueWide_306.1051m45.7
MgIIBlueWide_315.0052m7.1934
MgIIBlueWide_315.0052m7.1934
MgIIBlueWide_324.2652m55.7981
MgIIBlueWide_324.2652m55.7981
MgIIBlueWide_326.2816m52.2457
MgIIBlueWide_326.2816m52.2457
MgIIBlueWide_326.3136m51.4172
MgIIBlueWide_326.3136m51.4172
MgIIBlueWide_140.2171p4.9484
MgIIBlueWide_140.2171p4.9484
MgIIBlueWide_345.8615m26.6102
MgIIBlueWide_345.8615m26.6102
MgIIBlueWide_27.6208m13.3545
MgIIBlueWide_27.6208m13.3545
MgIIBlueWide_10.0777m4.4332
MgIIBlueWide_10.0777m4.4332
MgIIBlueWide_346.6146m0.8893
MgIIBlueWide_346.6146m0.8893
MgIIBlueWide_72.1761m23.3138
MgIIBlueWide_72.1761m23.3138
MgIIBlueWide_77.7326m9.5105
MgIIBlueWide_77.7326m9.5105
MgIIBlueWide_74.1897m4.2426
MgIIBlueWide_74.1897m4.2426
MgIIBlueWide_193.8137m15.5423
MgIIBlueWide_193.8137m15.5423
MgIIBlueWide_135.551p0.4049
MgIIBlueWide_135.551p0.4049
MgIIBlueWide_304.0358p3.9148
MgIIBlueWide_304.0358p3.9148
MgIIBlueWide_245.2303p4.3501
MgIIBlueWide_245.2303p4.3501
MgIIBlueWide_43.1447m55.4537
MgIIBlueWide_43.1447m55.4537
MgIIBlueWide_77.0655m41.7137
MgIIBlueWide_77.0655m41.7137
MgIIBlueWide_61.5679m30.8642
MgIIBlueWide_61.5679m30.8642
MgIIBlueWide_30.7304m43.6059
MgIIBlueWide_30.7304m43.6059
MgIIBlueWide_2.2686m41.2114
MgIIBlueWide_2.2686m41.2114
MgIIBlueWide_32.4607m26.9718
MgIIBlueWide_32.4607m26.9718
MgIIBlueWide_54.2888m10.9467
MgIIBlueWide_54.2888m10.9467
MgIIBlueWide_165.1296m26.6878
MgIIBlueWide_165.1296m26.6878
MgIIBlueWide_147.575m29.4966
MgIIBlueWide_147.575m29.4966
MgIIBlueWide_157.3934m29.6013
MgIIBlueWide_157.3934m29.6013
MgIIBlueWide_104.4984m51.4945
MgIIBlueWide_104.4984m51.4945
MgIIBlueWide_91.3473m43.3113
MgIIBlueWide_91.3473m43.3113
MgIIBlueWide_147.1828m10.5057
MgIIBlueWide_147.1828m10.5057
MgIIBlueWide_209.1387m49.4455
MgIIBlueWide_209.1387m49.4455
MgIIBlueWide_208.982m35.1711
MgIIBlueWide_208.982m35.1711
MgIIBlueWide_203.1927m36.6243
MgIIBlueWide_203.1927m36.6243
MgIIBlueWide_211.1337m30.5877
MgIIBlueWide_211.1337m30.5877
MgIIBlueWide_217.2024m21.7475
MgIIBlueWide_217.2024m21.7475
MgIIBlueWide_219.5451m12.3092
MgIIBlueWide_219.5451m12.3092
MgIIBlueWide_314.1938m57.6711
MgIIBlueWide_314.1938m57.6711
MgIIBlueWide_313.7521m55.5594
MgIIBlueWide_313.7521m55.5594
MgIIBlueWide_319.5734m46.166
MgIIBlueWide_319.5734m46.166
MgIIBlueWide_294.4626m54.0332
MgIIBlueWide_294.4626m54.0332
MgIIBlueWide_272.279m54.6313
MgIIBlueWide_272.279m54.6313
MgIIBlueWide_285.7573m49.6327
MgIIBlueWide_285.7573m49.6327
MgIIBlueWide_310.8771m25.3954
MgIIBlueWide_310.8771m25.3954
MgIIBlueWide_326.4443m24.4161
MgIIBlueWide_326.4443m24.4161
MgIIBlueWide_296.0606m21.6214
MgIIBlueWide_296.0606m21.6214
MgIIBlueWide_308.4646m14.5642
MgIIBlueWide_308.4646m14.5642
MgIIBlueWide_316.0287m13.0428
MgIIBlueWide_316.0287m13.0428
MgIIBlueWide_316.6378m4.0362
MgIIBlueWide_316.6378m4.0362
DLABlue_69.7043m56.3427
DLABlue_69.7043m56.3427
DLABlue_88.61m53.8701
DLABlue_88.61m53.8701
DLABlue_1.2862m8.5036
DLABlue_1.2862m8.5036
DLABlue_8.6373m26.2766
DLABlue_8.6373m26.2766
DLABlue_54.1624m48.8107
DLABlue_54.1624m48.8107
DLABlue_55.6715m30.4225
DLABlue_55.6715m30.4225
DLABlue_83.1948m25.2177
DLABlue_83.1948m25.2177
DLABlue_129.6778m2.8466
DLABlue_129.6778m2.8466
DLABlue_142.678m0.9732
DLABlue_142.678m0.9732
DLABlue_159.0159m29.3347
DLABlue_159.0159m29.3347
DLABlue_165.2193m33.4236
DLABlue_165.2193m33.4236
DLABlue_184.0325m27.0952
DLABlue_184.0325m27.0952
DLABlue_187.1148m23.4678
DLABlue_187.1148m23.4678
DLABlue_195.8874m19.5538
DLABlue_195.8874m19.5538
DLABlue_225.1347m28.5995
DLABlue_225.1347m28.5995
DLABlue_232.8781m0.6933
DLABlue_232.8781m0.6933
DLABlue_313.3415m34.901
DLABlue_313.3415m34.901
DLABlue_319.3438m47.003
DLABlue_319.3438m47.003
DLABlue_325.2397m55.9075
DLABlue_325.2397m55.9075
DLABlue_353.8267m7.895
DLABlue_353.8267m7.895
DLABlue_354.9559p2.7487
DLABlue_354.9559p2.7487
DLABlue_135.2533p3.0242
DLABlue_135.2533p3.0242
DLABlue_358.5266m36.6068
DLABlue_358.5266m36.6068
DLABlue_24.947m9.2055
DLABlue_24.947m9.2055
DLABlue_41.5334m1.4163
DLABlue_41.5334m1.4163
DLABlue_17.1573m3.4737
DLABlue_17.1573m3.4737
DLABlue_346.7537p3.2398
DLABlue_346.7537p3.2398
DLABlue_81.7766m23.4546
DLABlue_81.7766m23.4546
DLABlue_78.2433m6.5511
DLABlue_78.2433m6.5511
DLABlue_156.6387m3.702
DLABlue_156.6387m3.702
DLABlue_251.8148p1.3632
DLABlue_251.8148p1.3632
DLABlue_13.5042m48.6412
DLABlue_13.5042m48.6412
DLABlue_54.7519m8.3198
DLABlue_54.7519m8.3198
DLABlue_47.827m3.2358
DLABlue_47.827m3.2358
DLABlue_130.9128m28.169
DLABlue_130.9128m28.169
DLABlue_150.3733m20.6694
DLABlue_150.3733m20.6694
DLABlue_318.0592m26.2381
DLABlue_318.0592m26.2381
DLABlue_314.536m19.4081
DLABlue_314.536m19.4081
LLSBlue_17.7189m60.8699
LLSBlue_17.7189m60.8699
LLSBlue_20.3686m40.1022
LLSBlue_20.3686m40.1022
LLSBlue_210.589m8.3682
LLSBlue_210.589m8.3682
LLSBlue_213.363m22.5617
LLSBlue_213.363m22.5617
LLSBlue_356.225m35.6727
LLSBlue_356.225m35.6727
MgIIGreen_37.7702m65.8303
MgIIGreen_37.7702m65.8303
MgIIGreen_68.6054m55.1416
MgIIGreen_68.6054m55.1416
MgIIGreen_103.2218m62.9104
MgIIGreen_103.2218m62.9104
MgIIGreen_101.9343m70.3542
MgIIGreen_101.9343m70.3542
MgIIGreen_105.0587m59.0891
MgIIGreen_105.0587m59.0891
MgIIGreen_107.5632m67.7072
MgIIGreen_107.5632m67.7072
MgIIGreen_39.2643m72.3497
MgIIGreen_39.2643m72.3497
MgIIGreen_88.4121m71.631
MgIIGreen_88.4121m71.631
MgIIGreen_69.4641m65.6465
MgIIGreen_69.4641m65.6465
MgIIGreen_2.1906m70.318
MgIIGreen_2.1906m70.318
MgIIGreen_0.3338m67.7109
MgIIGreen_0.3338m67.7109
MgIIGreen_86.9579m56.8697
MgIIGreen_86.9579m56.8697
MgIIGreen_3.6832m43.9368
MgIIGreen_3.6832m43.9368
MgIIGreen_8.134m7.3666
MgIIGreen_8.134m7.3666
MgIIGreen_15.2629m10.9636
MgIIGreen_15.2629m10.9636
MgIIGreen_17.5579m24.9093
MgIIGreen_17.5579m24.9093
MgIIGreen_23.9408m45.2315
MgIIGreen_23.9408m45.2315
MgIIGreen_22.4896m50.3693
MgIIGreen_22.4896m50.3693
MgIIGreen_25.2674m3.5875
MgIIGreen_25.2674m3.5875
MgIIGreen_25.6502m5.174
MgIIGreen_25.6502m5.174
MgIIGreen_29.4334m16.0372
MgIIGreen_29.4334m16.0372
MgIIGreen_27.8617m42.6368
MgIIGreen_27.8617m42.6368
MgIIGreen_30.3817m9.4651
MgIIGreen_30.3817m9.4651
MgIIGreen_32.1126m35.8508
MgIIGreen_32.1126m35.8508
MgIIGreen_38.3899m0.5204
MgIIGreen_38.3899m0.5204
MgIIGreen_35.1377m26.7672
MgIIGreen_35.1377m26.7672
MgIIGreen_35.963p0.7452
MgIIGreen_35.963p0.7452
MgIIGreen_41.9623p1.9341
MgIIGreen_41.9623p1.9341
MgIIGreen_45.1685m13.5197
MgIIGreen_45.1685m13.5197
MgIIGreen_47.2723m18.355
MgIIGreen_47.2723m18.355
MgIIGreen_49.7535m20.9267
MgIIGreen_49.7535m20.9267
MgIIGreen_51.9976m43.1022
MgIIGreen_51.9976m43.1022
MgIIGreen_52.8227m55.7225
MgIIGreen_52.8227m55.7225
MgIIGreen_57.1165m7.0556
MgIIGreen_57.1165m7.0556
MgIIGreen_58.5215m25.8099
MgIIGreen_58.5215m25.8099
MgIIGreen_59.4187m35.9828
MgIIGreen_59.4187m35.9828
MgIIGreen_58.9014m42.3932
MgIIGreen_58.9014m42.3932
MgIIGreen_59.9563p1.7709
MgIIGreen_59.9563p1.7709
MgIIGreen_62.6915m2.5442
MgIIGreen_62.6915m2.5442
MgIIGreen_64.9483m8.1733
MgIIGreen_64.9483m8.1733
MgIIGreen_64.3436m12.5493
MgIIGreen_64.3436m12.5493
MgIIGreen_68.5416m34.9586
MgIIGreen_68.5416m34.9586
MgIIGreen_69.8376m34.7808
MgIIGreen_69.8376m34.7808
MgIIGreen_68.4048m46.3613
MgIIGreen_68.4048m46.3613
MgIIGreen_68.4106p0.315
MgIIGreen_68.4106p0.315
MgIIGreen_67.1005p0.3971
MgIIGreen_67.1005p0.3971
MgIIGreen_71.5884m29.2134
MgIIGreen_71.5884m29.2134
MgIIGreen_70.246m44.6543
MgIIGreen_70.246m44.6543
MgIIGreen_72.812m41.033
MgIIGreen_72.812m41.033
MgIIGreen_76.1763m9.7808
MgIIGreen_76.1763m9.7808
MgIIGreen_77.4357m5.7319
MgIIGreen_77.4357m5.7319
MgIIGreen_79.4096m13.0017
MgIIGreen_79.4096m13.0017
MgIIGreen_75.8938m33.151
MgIIGreen_75.8938m33.151
MgIIGreen_76.9374m33.2876
MgIIGreen_76.9374m33.2876
MgIIGreen_83.3267m13.3838
MgIIGreen_83.3267m13.3838
MgIIGreen_85.831m40.0885
MgIIGreen_85.831m40.0885
MgIIGreen_135.0527m0.9785
MgIIGreen_135.0527m0.9785
MgIIGreen_139.8512m17.2177
MgIIGreen_139.8512m17.2177
MgIIGreen_142.357m3.4798
MgIIGreen_142.357m3.4798
MgIIGreen_145.4232m3.0991
MgIIGreen_145.4232m3.0991
MgIIGreen_148.5873m11.6921
MgIIGreen_148.5873m11.6921
MgIIGreen_153.8147m13.6137
MgIIGreen_153.8147m13.6137
MgIIGreen_150.5697m12.4131
MgIIGreen_150.5697m12.4131
MgIIGreen_156.1992m11.09
MgIIGreen_156.1992m11.09
MgIIGreen_158.9858m15.6599
MgIIGreen_158.9858m15.6599
MgIIGreen_156.5246m23.3887
MgIIGreen_156.5246m23.3887
MgIIGreen_156.414p0.2624
MgIIGreen_156.414p0.2624
MgIIGreen_161.5398m9.0635
MgIIGreen_161.5398m9.0635
MgIIGreen_164.9721m15.975
MgIIGreen_164.9721m15.975
MgIIGreen_161.1642m29.5174
MgIIGreen_161.1642m29.5174
MgIIGreen_162.6279m26.1479
MgIIGreen_162.6279m26.1479
MgIIGreen_165.636m6.6986
MgIIGreen_165.636m6.6986
MgIIGreen_167.6189m33.0996
MgIIGreen_167.6189m33.0996
MgIIGreen_173.9861m11.4919
MgIIGreen_173.9861m11.4919
MgIIGreen_171.4891m29.6853
MgIIGreen_171.4891m29.6853
MgIIGreen_171.8007m25.5055
MgIIGreen_171.8007m25.5055
MgIIGreen_174.3166m34.583
MgIIGreen_174.3166m34.583
MgIIGreen_170.9596m37.2881
MgIIGreen_170.9596m37.2881
MgIIGreen_177.7677m6.6213
MgIIGreen_177.7677m6.6213
MgIIGreen_179.4281m5.077
MgIIGreen_179.4281m5.077
MgIIGreen_177.5208m10.7195
MgIIGreen_177.5208m10.7195
MgIIGreen_175.4774m24.2198
MgIIGreen_175.4774m24.2198
MgIIGreen_178.9921p4.547
MgIIGreen_178.9921p4.547
MgIIGreen_182.0919m37.1991
MgIIGreen_182.0919m37.1991
MgIIGreen_191.2905m13.8051
MgIIGreen_191.2905m13.8051
MgIIGreen_194.7653m24.0253
MgIIGreen_194.7653m24.0253
MgIIGreen_191.2847m24.9951
MgIIGreen_191.2847m24.9951
MgIIGreen_196.4254m29.8118
MgIIGreen_196.4254m29.8118
MgIIGreen_211.0228m19.1654
MgIIGreen_211.0228m19.1654
MgIIGreen_219.7814m26.4069
MgIIGreen_219.7814m26.4069
MgIIGreen_218.8678m35.9143
MgIIGreen_218.8678m35.9143
MgIIGreen_221.17m14.2575
MgIIGreen_221.17m14.2575
MgIIGreen_223.2962m19.891
MgIIGreen_223.2962m19.891
MgIIGreen_228.3256m0.0406
MgIIGreen_228.3256m0.0406
MgIIGreen_227.2195m23.3924
MgIIGreen_227.2195m23.3924
MgIIGreen_230.1675m1.4853
MgIIGreen_230.1675m1.4853
MgIIGreen_231.6502m12.8374
MgIIGreen_231.6502m12.8374
MgIIGreen_232.9591m15.9875
MgIIGreen_232.9591m15.9875
MgIIGreen_232.4355m21.3957
MgIIGreen_232.4355m21.3957
MgIIGreen_237.6123m23.6894
MgIIGreen_237.6123m23.6894
MgIIGreen_241.6019m20.669
MgIIGreen_241.6019m20.669
MgIIGreen_247.0285p0.4567
MgIIGreen_247.0285p0.4567
MgIIGreen_274.5162m62.2372
MgIIGreen_274.5162m62.2372
MgIIGreen_271.5131m72.7148
MgIIGreen_271.5131m72.7148
MgIIGreen_279.582m58.729
MgIIGreen_279.582m58.729
MgIIGreen_276.94m62.3491
MgIIGreen_276.94m62.3491
MgIIGreen_294.4485m40.465
MgIIGreen_294.4485m40.465
MgIIGreen_296.3078m49.2181
MgIIGreen_296.3078m49.2181
MgIIGreen_299.4921m50.6856
MgIIGreen_299.4921m50.6856
MgIIGreen_300.5353m50.7863
MgIIGreen_300.5353m50.7863
MgIIGreen_305.19m40.1599
MgIIGreen_305.19m40.1599
MgIIGreen_307.0847m49.6975
MgIIGreen_307.0847m49.6975
MgIIGreen_308.1589m67.2753
MgIIGreen_308.1589m67.2753
MgIIGreen_314.5906m0.5704
MgIIGreen_314.5906m0.5704
MgIIGreen_312.7516m35.6716
MgIIGreen_312.7516m35.6716
MgIIGreen_311.2885m50.4541
MgIIGreen_311.2885m50.4541
MgIIGreen_314.8948m70.3207
MgIIGreen_314.8948m70.3207
MgIIGreen_310.0331m75.7247
MgIIGreen_310.0331m75.7247
MgIIGreen_316.3638m11.4023
MgIIGreen_316.3638m11.4023
MgIIGreen_318.0255m44.7402
MgIIGreen_318.0255m44.7402
MgIIGreen_317.4495m62.906
MgIIGreen_317.4495m62.906
MgIIGreen_323.9623m59.8752
MgIIGreen_323.9623m59.8752
MgIIGreen_331.8395m61.9594
MgIIGreen_331.8395m61.9594
MgIIGreen_339.6937m11.2942
MgIIGreen_339.6937m11.2942
MgIIGreen_342.6921m5.0541
MgIIGreen_342.6921m5.0541
MgIIGreen_341.8419m42.1218
MgIIGreen_341.8419m42.1218
MgIIGreen_343.9212m48.2126
MgIIGreen_343.9212m48.2126
MgIIGreen_340.2946p0.4076
MgIIGreen_340.2946p0.4076
MgIIGreen_349.6689m48.1681
MgIIGreen_349.6689m48.1681
MgIIGreen_348.0205m53.6833
MgIIGreen_348.0205m53.6833
MgIIGreen_353.1438m5.4941
MgIIGreen_353.1438m5.4941
MgIIGreen_352.3197m11.7123
MgIIGreen_352.3197m11.7123
MgIIGreen_353.7365m12.4026
MgIIGreen_353.7365m12.4026
MgIIGreen_354.1152p1.2708
MgIIGreen_354.1152p1.2708
MgIIGreen_356.7707m42.5596
MgIIGreen_356.7707m42.5596
MgIIGreen_227.2672p2.7214
MgIIGreen_227.2672p2.7214
MgIIGreen_227.0124p3.3576
MgIIGreen_227.0124p3.3576
MgIIGreen_10.313m24.338
MgIIGreen_10.313m24.338
MgIIGreen_6.7722m18.5116
MgIIGreen_6.7722m18.5116
MgIIGreen_4.6562m19.7937
MgIIGreen_4.6562m19.7937
MgIIGreen_348.5852m19.7728
MgIIGreen_348.5852m19.7728
MgIIGreen_358.9092m15.2942
MgIIGreen_358.9092m15.2942
MgIIGreen_28.6387m10.072
MgIIGreen_28.6387m10.072
MgIIGreen_39.0888m1.5457
MgIIGreen_39.0888m1.5457
MgIIGreen_38.9024m1.2691
MgIIGreen_38.9024m1.2691
MgIIGreen_31.2809m1.2041
MgIIGreen_31.2809m1.2041
MgIIGreen_14.3094m1.7149
MgIIGreen_14.3094m1.7149
MgIIGreen_16.6126p1.9783
MgIIGreen_16.6126p1.9783
MgIIGreen_8.604p2.2737
MgIIGreen_8.604p2.2737
MgIIGreen_25.8715p4.7714
MgIIGreen_25.8715p4.7714
MgIIGreen_339.9173m11.1551
MgIIGreen_339.9173m11.1551
MgIIGreen_338.6926m3.543
MgIIGreen_338.6926m3.543
MgIIGreen_347.4266m6.2596
MgIIGreen_347.4266m6.2596
MgIIGreen_350.9755m3.8016
MgIIGreen_350.9755m3.8016
MgIIGreen_347.6888m3.3039
MgIIGreen_347.6888m3.3039
MgIIGreen_90.1902m33.4492
MgIIGreen_90.1902m33.4492
MgIIGreen_93.4438m30.9236
MgIIGreen_93.4438m30.9236
MgIIGreen_98.0862m23.4578
MgIIGreen_98.0862m23.4578
MgIIGreen_94.947m16.801
MgIIGreen_94.947m16.801
MgIIGreen_72.6836m23.4409
MgIIGreen_72.6836m23.4409
MgIIGreen_129.7738p4.14
MgIIGreen_129.7738p4.14
MgIIGreen_74.8583m9.5634
MgIIGreen_74.8583m9.5634
MgIIGreen_63.2256m3.105
MgIIGreen_63.2256m3.105
MgIIGreen_48.6629m0.047
MgIIGreen_48.6629m0.047
MgIIGreen_64.749p3.2507
MgIIGreen_64.749p3.2507
MgIIGreen_197.8788m20.9194
MgIIGreen_197.8788m20.9194
MgIIGreen_195.341m19.2279
MgIIGreen_195.341m19.2279
MgIIGreen_187.2701m18.2513
MgIIGreen_187.2701m18.2513
MgIIGreen_177.136m20.1252
MgIIGreen_177.136m20.1252
MgIIGreen_173.4881m16.455
MgIIGreen_173.4881m16.455
MgIIGreen_185.0149m12.1643
MgIIGreen_185.0149m12.1643
MgIIGreen_171.1357m10.7329
MgIIGreen_171.1357m10.7329
MgIIGreen_204.1767m17.865
MgIIGreen_204.1767m17.865
MgIIGreen_204.8253m15.5076
MgIIGreen_204.8253m15.5076
MgIIGreen_203.9755m15.1926
MgIIGreen_203.9755m15.1926
MgIIGreen_204.7021m14.5326
MgIIGreen_204.7021m14.5326
MgIIGreen_199.8962m13.5243
MgIIGreen_199.8962m13.5243
MgIIGreen_199.809m11.1431
MgIIGreen_199.809m11.1431
MgIIGreen_192.7515m9.3874
MgIIGreen_192.7515m9.3874
MgIIGreen_205.3709m5.6457
MgIIGreen_205.3709m5.6457
MgIIGreen_207.8812m4.7295
MgIIGreen_207.8812m4.7295
MgIIGreen_213.5881m5.4844
MgIIGreen_213.5881m5.4844
MgIIGreen_157.3879m18.8806
MgIIGreen_157.3879m18.8806
MgIIGreen_259.5463p3.2279
MgIIGreen_259.5463p3.2279
MgIIGreen_243.1341p1.9501
MgIIGreen_243.1341p1.9501
MgIIGreen_231.4276p2.2633
MgIIGreen_231.4276p2.2633
MgIIGreen_25.8868m56.8484
MgIIGreen_25.8868m56.8484
MgIIGreen_86.7758m43.8335
MgIIGreen_86.7758m43.8335
MgIIGreen_55.808m45.9405
MgIIGreen_55.808m45.9405
MgIIGreen_61.3457m42.9818
MgIIGreen_61.3457m42.9818
MgIIGreen_60.579m40.8578
MgIIGreen_60.579m40.8578
MgIIGreen_55.4196m41.9838
MgIIGreen_55.4196m41.9838
MgIIGreen_50.9141m37.9774
MgIIGreen_50.9141m37.9774
MgIIGreen_53.4709m37.4455
MgIIGreen_53.4709m37.4455
MgIIGreen_64.3751m35.1525
MgIIGreen_64.3751m35.1525
MgIIGreen_67.2385m35.3741
MgIIGreen_67.2385m35.3741
MgIIGreen_75.8456m30.2014
MgIIGreen_75.8456m30.2014
MgIIGreen_11.5246m56.2249
MgIIGreen_11.5246m56.2249
MgIIGreen_18.1291m54.9378
MgIIGreen_18.1291m54.9378
MgIIGreen_25.2375m47.7245
MgIIGreen_25.2375m47.7245
MgIIGreen_43.2389m40.6212
MgIIGreen_43.2389m40.6212
MgIIGreen_36.152m39.9291
MgIIGreen_36.152m39.9291
MgIIGreen_29.3176m38.5165
MgIIGreen_29.3176m38.5165
MgIIGreen_30.4413m37.7683
MgIIGreen_30.4413m37.7683
MgIIGreen_12.8139m46.365
MgIIGreen_12.8139m46.365
MgIIGreen_13.7137m45.0818
MgIIGreen_13.7137m45.0818
MgIIGreen_9.9721m41.4244
MgIIGreen_9.9721m41.4244
MgIIGreen_10.4164m38.8451
MgIIGreen_10.4164m38.8451
MgIIGreen_60.5714m21.1038
MgIIGreen_60.5714m21.1038
MgIIGreen_53.3055m17.9748
MgIIGreen_53.3055m17.9748
MgIIGreen_47.4367m18.6755
MgIIGreen_47.4367m18.6755
MgIIGreen_52.217m16.5456
MgIIGreen_52.217m16.5456
MgIIGreen_30.4986m22.5428
MgIIGreen_30.4986m22.5428
MgIIGreen_33.9388m17.2184
MgIIGreen_33.9388m17.2184
MgIIGreen_23.6391m19.8496
MgIIGreen_23.6391m19.8496
MgIIGreen_48.9503m5.258
MgIIGreen_48.9503m5.258
MgIIGreen_123.039m64.9944
MgIIGreen_123.039m64.9944
MgIIGreen_154.8035m43.9242
MgIIGreen_154.8035m43.9242
MgIIGreen_151.1545m33.8299
MgIIGreen_151.1545m33.8299
MgIIGreen_108.821m46.4632
MgIIGreen_108.821m46.4632
MgIIGreen_90.3588m45.217
MgIIGreen_90.3588m45.217
MgIIGreen_96.2731m38.5255
MgIIGreen_96.2731m38.5255
MgIIGreen_105.154m27.9957
MgIIGreen_105.154m27.9957
MgIIGreen_127.0423m19.98
MgIIGreen_127.0423m19.98
MgIIGreen_125.763m12.5812
MgIIGreen_125.763m12.5812
MgIIGreen_131.6784m15.9942
MgIIGreen_131.6784m15.9942
MgIIGreen_139.7029m11.1933
MgIIGreen_139.7029m11.1933
MgIIGreen_142.1118m10.589
MgIIGreen_142.1118m10.589
MgIIGreen_139.196m9.8162
MgIIGreen_139.196m9.8162
MgIIGreen_269.5581m50.7684
MgIIGreen_269.5581m50.7684
MgIIGreen_203.6963m40.6055
MgIIGreen_203.6963m40.6055
MgIIGreen_191.1402m44.9118
MgIIGreen_191.1402m44.9118
MgIIGreen_202.2446m36.5345
MgIIGreen_202.2446m36.5345
MgIIGreen_204.2137m23.8163
MgIIGreen_204.2137m23.8163
MgIIGreen_202.887m20.2103
MgIIGreen_202.887m20.2103
MgIIGreen_220.8762m35.0639
MgIIGreen_220.8762m35.0639
MgIIGreen_235.5189m29.5026
MgIIGreen_235.5189m29.5026
MgIIGreen_223.1815m28.9637
MgIIGreen_223.1815m28.9637
MgIIGreen_234.5579m21.5765
MgIIGreen_234.5579m21.5765
MgIIGreen_237.2368m20.6029
MgIIGreen_237.2368m20.6029
MgIIGreen_217.3519m19.8012
MgIIGreen_217.3519m19.8012
MgIIGreen_216.6196m14.5201
MgIIGreen_216.6196m14.5201
MgIIGreen_220.8559m8.9925
MgIIGreen_220.8559m8.9925
MgIIGreen_215.3522m9.9793
MgIIGreen_215.3522m9.9793
MgIIGreen_337.4191m60.9244
MgIIGreen_337.4191m60.9244
MgIIGreen_296.9323m72.2631
MgIIGreen_296.9323m72.2631
MgIIGreen_292.0543m71.5357
MgIIGreen_292.0543m71.5357
MgIIGreen_308.3337m66.9892
MgIIGreen_308.3337m66.9892
MgIIGreen_298.8268m68.2757
MgIIGreen_298.8268m68.2757
MgIIGreen_287.3752m62.0699
MgIIGreen_287.3752m62.0699
MgIIGreen_295.06m65.1079
MgIIGreen_295.06m65.1079
MgIIGreen_351.1698m56.6102
MgIIGreen_351.1698m56.6102
MgIIGreen_348.7693m41.1367
MgIIGreen_348.7693m41.1367
MgIIGreen_349.3643m40.5157
MgIIGreen_349.3643m40.5157
MgIIGreen_324.3992m42.8258
MgIIGreen_324.3992m42.8258
MgIIGreen_319.1766m43.6015
MgIIGreen_319.1766m43.6015
MgIIGreen_337.2988m36.0968
MgIIGreen_337.2988m36.0968
MgIIGreen_338.8544m35.7358
MgIIGreen_338.8544m35.7358
MgIIGreen_334.6004m22.5898
MgIIGreen_334.6004m22.5898
MgIIGreen_284.9765m57.6482
MgIIGreen_284.9765m57.6482
MgIIGreen_287.3763m55.6202
MgIIGreen_287.3763m55.6202
MgIIGreen_278.0368m54.3918
MgIIGreen_278.0368m54.3918
MgIIGreen_291.2025m45.9757
MgIIGreen_291.2025m45.9757
MgIIGreen_305.3725m46.5997
MgIIGreen_305.3725m46.5997
MgIIGreen_311.2253m45.5859
MgIIGreen_311.2253m45.5859
MgIIGreen_299.5601m36.7315
MgIIGreen_299.5601m36.7315
MgIIGreen_301.6344m32.1491
MgIIGreen_301.6344m32.1491
MgIIGreen_282.056m41.6639
MgIIGreen_282.056m41.6639
MgIIGreen_300.1832m28.5479
MgIIGreen_300.1832m28.5479
MgIIGreen_321.1744m28.925
MgIIGreen_321.1744m28.925
MgIIGreen_314.7341m28.7526
MgIIGreen_314.7341m28.7526
MgIIGreen_328.6191m24.1778
MgIIGreen_328.6191m24.1778
MgIIGreen_321.5333m23.8278
MgIIGreen_321.5333m23.8278
MgIIGreen_334.8513m21.5585
MgIIGreen_334.8513m21.5585
MgIIGreen_319.9062m22.9345
MgIIGreen_319.9062m22.9345
MgIIGreen_322.7542m18.0846
MgIIGreen_322.7542m18.0846
MgIIGreen_318.9264m19.855
MgIIGreen_318.9264m19.855
MgIIGreen_324.2374m12.5985
MgIIGreen_324.2374m12.5985
MgIIGreen_303.7129m28.9723
MgIIGreen_303.7129m28.9723
MgIIGreen_312.1655m19.2472
MgIIGreen_312.1655m19.2472
